"2017-06-07 22:23:45 [main] INFO  f.p.e.EObrazovanjeApplication - Starting EObrazovanjeApplication on EXLRT-User-0021 with PID 1416 (C:\Users\EXLRT-0021\git\eObrazovanje\target\classes started by EXLRT-0021 in C:\Users\EXLRT-0021\git\eObrazovanje)
""2017-06-07 22:23:45 [main] INFO  f.p.e.EObrazovanjeApplication - No active profile set, falling back to default profiles: default
""2017-06-07 22:23:45 [main] INFO  o.s.b.c.e.AnnotationConfigEmbeddedWebApplicationContext - Refreshing org.springframework.boot.context.embedded.AnnotationConfigEmbeddedWebApplicationContext@20ce78ec: startup date [Wed Jun 07 22:23:45 CEST 2017]; root of context hierarchy
""2017-06-07 22:23:48 [main] INFO  o.s.c.s.PostProcessorRegistrationDelegate$BeanPostProcessorChecker - Bean 'org.springframework.transaction.annotation.ProxyTransactionManagementConfiguration' of type [class org.springframework.transaction.annotation.ProxyTransactionManagementConfiguration$$EnhancerBySpringCGLIB$$9412b775] is not eligible for getting processed by all BeanPostProcessors (for example: not eligible for auto-proxying)
""2017-06-07 22:23:49 [main] INFO  o.s.b.c.e.t.TomcatEmbeddedServletContainer - Tomcat initialized with port(s): 8080 (http)
""2017-06-07 22:23:49 [main] INFO  o.a.catalina.core.StandardService - Starting service Tomcat
""2017-06-07 22:23:49 [main] INFO  o.a.catalina.core.StandardEngine - Starting Servlet Engine: Apache Tomcat/8.5.5
""2017-06-07 22:23:49 [localhost-startStop-1] INFO  o.a.c.c.C.[Tomcat].[localhost].[/] - Initializing Spring embedded WebApplicationContext
""2017-06-07 22:23:49 [localhost-startStop-1] INFO  o.s.b.w.s.ServletRegistrationBean - Mapping servlet: 'dispatcherServlet' to [/]
""2017-06-07 22:23:49 [localhost-startStop-1] INFO  o.s.b.w.s.FilterRegistrationBean - Mapping filter: 'characterEncodingFilter' to: [/*]
""2017-06-07 22:23:49 [localhost-startStop-1] INFO  o.s.b.w.s.FilterRegistrationBean - Mapping filter: 'hiddenHttpMethodFilter' to: [/*]
""2017-06-07 22:23:49 [localhost-startStop-1] INFO  o.s.b.w.s.FilterRegistrationBean - Mapping filter: 'httpPutFormContentFilter' to: [/*]
""2017-06-07 22:23:49 [localhost-startStop-1] INFO  o.s.b.w.s.FilterRegistrationBean - Mapping filter: 'requestContextFilter' to: [/*]
""2017-06-07 22:23:50 [main] INFO  o.s.o.j.LocalContainerEntityManagerFactoryBean - Building JPA container EntityManagerFactory for persistence unit 'default'
""2017-06-07 22:23:50 [main] INFO  o.h.jpa.internal.util.LogHelper - HHH000204: Processing PersistenceUnitInfo [
	name: default
	...]
""2017-06-07 22:23:50 [main] INFO  org.hibernate.Version - HHH000412: Hibernate Core {5.0.11.Final}
""2017-06-07 22:23:50 [main] INFO  org.hibernate.cfg.Environment - HHH000206: hibernate.properties not found
""2017-06-07 22:23:50 [main] INFO  org.hibernate.cfg.Environment - HHH000021: Bytecode provider name : javassist
""2017-06-07 22:23:51 [main] INFO  o.h.annotations.common.Version - HCANN000001: Hibernate Commons Annotations {5.0.1.Final}
""2017-06-07 22:23:51 [main] INFO  org.hibernate.dialect.Dialect - HHH000400: Using dialect: org.hibernate.dialect.MySQL5Dialect
""2017-06-07 22:23:52 [main] INFO  o.h.tool.hbm2ddl.SchemaExport - HHH000227: Running hbm2ddl schema export
""2017-06-07 22:24:06 [main] INFO  o.h.tool.hbm2ddl.SchemaExport - HHH000476: Executing import script '/import.sql'
""2017-06-07 22:24:07 [main] INFO  o.h.tool.hbm2ddl.SchemaExport - HHH000230: Schema export complete
""2017-06-07 22:24:07 [main] INFO  o.s.o.j.LocalContainerEntityManagerFactoryBean - Initialized JPA EntityManagerFactory for persistence unit 'default'
""2017-06-07 22:24:10 [main] INFO  o.s.b.a.w.WebMvcAutoConfiguration$WelcomePageHandlerMapping - Adding welcome page: class path resource [public/index.html]
""2017-06-07 22:24:10 [main] INFO  o.s.j.e.a.AnnotationMBeanExporter - Registering beans for JMX exposure on startup
""2017-06-07 22:24:10 [main] INFO  o.s.b.c.e.t.TomcatEmbeddedServletContainer - Tomcat started on port(s): 8080 (http)
""2017-06-07 22:24:10 [main] INFO  f.p.e.EObrazovanjeApplication - Started EObrazovanjeApplication in 25.546 seconds (JVM running for 26.246)
"